0 info it worked if it ends with ok
1 verbose cli [ '/usr/local/bin/node',
1 verbose cli   '/usr/local/bin/npm',
1 verbose cli   'install',
1 verbose cli   'express-generator',
1 verbose cli   '-g' ]
2 info using npm@3.10.9
3 info using node@v6.9.2
4 silly loadCurrentTree Starting
5 silly install loadCurrentTree
6 silly install readGlobalPackageData
7 silly fetchPackageMetaData express-generator
8 silly fetchNamedPackageData express-generator
9 silly mapToRegistry name express-generator
10 silly mapToRegistry using default registry
11 silly mapToRegistry registry https://registry.npmjs.org/
12 silly mapToRegistry data Result {
12 silly mapToRegistry   raw: 'express-generator',
12 silly mapToRegistry   scope: null,
12 silly mapToRegistry   escapedName: 'express-generator',
12 silly mapToRegistry   name: 'express-generator',
12 silly mapToRegistry   rawSpec: '',
12 silly mapToRegistry   spec: 'latest',
12 silly mapToRegistry   type: 'tag' }
13 silly mapToRegistry uri https://registry.npmjs.org/express-generator
14 verbose request uri https://registry.npmjs.org/express-generator
15 verbose request no auth needed
16 info attempt registry request try #1 at 10:37:38 PM
17 verbose request id 068c84fa9dab4eea
18 verbose etag W/"592f1dfa-9ed9"
19 verbose lastModified Wed, 31 May 2017 19:48:10 GMT
20 http request GET https://registry.npmjs.org/express-generator
21 http 304 https://registry.npmjs.org/express-generator
22 verbose headers { date: 'Thu, 01 Jun 2017 14:37:44 GMT',
22 verbose headers   via: '1.1 varnish',
22 verbose headers   'cache-control': 'max-age=300',
22 verbose headers   etag: 'W/"592f1dfa-9ed9"',
22 verbose headers   age: '32',
22 verbose headers   connection: 'keep-alive',
22 verbose headers   'x-served-by': 'cache-nrt6135-NRT',
22 verbose headers   'x-cache': 'HIT',
22 verbose headers   'x-cache-hits': '2',
22 verbose headers   'x-timer': 'S1496327864.267465,VS0,VE0',
22 verbose headers   vary: 'Accept-Encoding' }
23 silly get cb [ 304,
23 silly get   { date: 'Thu, 01 Jun 2017 14:37:44 GMT',
23 silly get     via: '1.1 varnish',
23 silly get     'cache-control': 'max-age=300',
23 silly get     etag: 'W/"592f1dfa-9ed9"',
23 silly get     age: '32',
23 silly get     connection: 'keep-alive',
23 silly get     'x-served-by': 'cache-nrt6135-NRT',
23 silly get     'x-cache': 'HIT',
23 silly get     'x-cache-hits': '2',
23 silly get     'x-timer': 'S1496327864.267465,VS0,VE0',
23 silly get     vary: 'Accept-Encoding' } ]
24 verbose etag https://registry.npmjs.org/express-generator from cache
25 verbose get saving express-generator to /Users/anan/.npm/registry.npmjs.org/express-generator/.cache.json
26 verbose correctMkdir /Users/anan/.npm correctMkdir not in flight; initializing
27 silly install normalizeTree
28 silly loadCurrentTree Finishing
29 silly loadIdealTree Starting
30 silly install loadIdealTree
31 silly cloneCurrentTree Starting
32 silly install cloneCurrentTreeToIdealTree
33 silly cloneCurrentTree Finishing
34 silly loadShrinkwrap Starting
35 silly install loadShrinkwrap
36 silly loadShrinkwrap Finishing
37 silly loadAllDepsIntoIdealTree Starting
38 silly install loadAllDepsIntoIdealTree
39 silly resolveWithNewModule express-generator@4.15.0 checking installable status
40 silly cache add args [ 'express-generator', null ]
41 verbose cache add spec express-generator
42 silly cache add parsed spec Result {
42 silly cache add   raw: 'express-generator',
42 silly cache add   scope: null,
42 silly cache add   escapedName: 'express-generator',
42 silly cache add   name: 'express-generator',
42 silly cache add   rawSpec: '',
42 silly cache add   spec: 'latest',
42 silly cache add   type: 'tag' }
43 silly addNamed express-generator@latest
44 verbose addNamed "latest" is being treated as a dist-tag for express-generator
45 info addNameTag [ 'express-generator', 'latest' ]
46 silly mapToRegistry name express-generator
47 silly mapToRegistry using default registry
48 silly mapToRegistry registry https://registry.npmjs.org/
49 silly mapToRegistry data Result {
49 silly mapToRegistry   raw: 'express-generator',
49 silly mapToRegistry   scope: null,
49 silly mapToRegistry   escapedName: 'express-generator',
49 silly mapToRegistry   name: 'express-generator',
49 silly mapToRegistry   rawSpec: '',
49 silly mapToRegistry   spec: 'latest',
49 silly mapToRegistry   type: 'tag' }
50 silly mapToRegistry uri https://registry.npmjs.org/express-generator
51 verbose addNameTag registry:https://registry.npmjs.org/express-generator not in flight; fetching
52 verbose get https://registry.npmjs.org/express-generator not expired, no request
53 silly addNameTag next cb for express-generator with tag latest
54 silly addNamed express-generator@4.15.0
55 verbose addNamed "4.15.0" is a plain semver version for express-generator
56 silly cache afterAdd express-generator@4.15.0
57 verbose afterAdd /Users/anan/.npm/express-generator/4.15.0/package/package.json not in flight; writing
58 verbose correctMkdir /Users/anan/.npm correctMkdir not in flight; initializing
59 verbose afterAdd /Users/anan/.npm/express-generator/4.15.0/package/package.json written
60 silly fetchNamedPackageData commander
61 silly mapToRegistry name commander
62 silly mapToRegistry using default registry
63 silly mapToRegistry registry https://registry.npmjs.org/
64 silly mapToRegistry data Result {
64 silly mapToRegistry   raw: 'commander',
64 silly mapToRegistry   scope: null,
64 silly mapToRegistry   escapedName: 'commander',
64 silly mapToRegistry   name: 'commander',
64 silly mapToRegistry   rawSpec: '',
64 silly mapToRegistry   spec: 'latest',
64 silly mapToRegistry   type: 'tag' }
65 silly mapToRegistry uri https://registry.npmjs.org/commander
66 silly fetchNamedPackageData ejs
67 silly mapToRegistry name ejs
68 silly mapToRegistry using default registry
69 silly mapToRegistry registry https://registry.npmjs.org/
70 silly mapToRegistry data Result {
70 silly mapToRegistry   raw: 'ejs',
70 silly mapToRegistry   scope: null,
70 silly mapToRegistry   escapedName: 'ejs',
70 silly mapToRegistry   name: 'ejs',
70 silly mapToRegistry   rawSpec: '',
70 silly mapToRegistry   spec: 'latest',
70 silly mapToRegistry   type: 'tag' }
71 silly mapToRegistry uri https://registry.npmjs.org/ejs
72 silly fetchNamedPackageData mkdirp
73 silly mapToRegistry name mkdirp
74 silly mapToRegistry using default registry
75 silly mapToRegistry registry https://registry.npmjs.org/
76 silly mapToRegistry data Result {
76 silly mapToRegistry   raw: 'mkdirp',
76 silly mapToRegistry   scope: null,
76 silly mapToRegistry   escapedName: 'mkdirp',
76 silly mapToRegistry   name: 'mkdirp',
76 silly mapToRegistry   rawSpec: '',
76 silly mapToRegistry   spec: 'latest',
76 silly mapToRegistry   type: 'tag' }
77 silly mapToRegistry uri https://registry.npmjs.org/mkdirp
78 silly fetchNamedPackageData sorted-object
79 silly mapToRegistry name sorted-object
80 silly mapToRegistry using default registry
81 silly mapToRegistry registry https://registry.npmjs.org/
82 silly mapToRegistry data Result {
82 silly mapToRegistry   raw: 'sorted-object',
82 silly mapToRegistry   scope: null,
82 silly mapToRegistry   escapedName: 'sorted-object',
82 silly mapToRegistry   name: 'sorted-object',
82 silly mapToRegistry   rawSpec: '',
82 silly mapToRegistry   spec: 'latest',
82 silly mapToRegistry   type: 'tag' }
83 silly mapToRegistry uri https://registry.npmjs.org/sorted-object
84 verbose request uri https://registry.npmjs.org/sorted-object
85 verbose request no auth needed
86 info attempt registry request try #1 at 10:37:43 PM
87 verbose etag W/"57d499b1-1545"
88 verbose lastModified Sat, 10 Sep 2016 23:39:29 GMT
89 http request GET https://registry.npmjs.org/sorted-object
90 verbose request uri https://registry.npmjs.org/ejs
91 verbose request no auth needed
92 info attempt registry request try #1 at 10:37:43 PM
93 verbose etag W/"5928f185-10a89"
94 verbose lastModified Sat, 27 May 2017 03:24:53 GMT
95 http request GET https://registry.npmjs.org/ejs
96 verbose request uri https://registry.npmjs.org/mkdirp
97 verbose request no auth needed
98 info attempt registry request try #1 at 10:37:43 PM
99 verbose etag W/"592e70e9-6417"
100 verbose lastModified Wed, 31 May 2017 07:29:45 GMT
101 http request GET https://registry.npmjs.org/mkdirp
102 verbose request uri https://registry.npmjs.org/commander
103 verbose request no auth needed
104 info attempt registry request try #1 at 10:37:43 PM
105 verbose etag W/"592eeea5-1041c"
106 verbose lastModified Wed, 31 May 2017 16:26:13 GMT
107 http request GET https://registry.npmjs.org/commander
108 http 304 https://registry.npmjs.org/sorted-object
109 verbose headers { date: 'Thu, 01 Jun 2017 14:37:44 GMT',
109 verbose headers   via: '1.1 varnish',
109 verbose headers   'cache-control': 'max-age=300',
109 verbose headers   etag: 'W/"57d499b1-1545"',
109 verbose headers   age: '174',
109 verbose headers   connection: 'keep-alive',
109 verbose headers   'x-served-by': 'cache-nrt6135-NRT',
109 verbose headers   'x-cache': 'HIT',
109 verbose headers   'x-cache-hits': '2',
109 verbose headers   'x-timer': 'S1496327865.502264,VS0,VE0',
109 verbose headers   vary: 'Accept-Encoding' }
110 silly get cb [ 304,
110 silly get   { date: 'Thu, 01 Jun 2017 14:37:44 GMT',
110 silly get     via: '1.1 varnish',
110 silly get     'cache-control': 'max-age=300',
110 silly get     etag: 'W/"57d499b1-1545"',
110 silly get     age: '174',
110 silly get     connection: 'keep-alive',
110 silly get     'x-served-by': 'cache-nrt6135-NRT',
110 silly get     'x-cache': 'HIT',
110 silly get     'x-cache-hits': '2',
110 silly get     'x-timer': 'S1496327865.502264,VS0,VE0',
110 silly get     vary: 'Accept-Encoding' } ]
111 verbose etag https://registry.npmjs.org/sorted-object from cache
112 verbose get saving sorted-object to /Users/anan/.npm/registry.npmjs.org/sorted-object/.cache.json
113 verbose correctMkdir /Users/anan/.npm correctMkdir not in flight; initializing
114 silly resolveWithNewModule sorted-object@2.0.1 checking installable status
115 silly cache add args [ 'sorted-object@2.0.1', null ]
116 verbose cache add spec sorted-object@2.0.1
117 silly cache add parsed spec Result {
117 silly cache add   raw: 'sorted-object@2.0.1',
117 silly cache add   scope: null,
117 silly cache add   escapedName: 'sorted-object',
117 silly cache add   name: 'sorted-object',
117 silly cache add   rawSpec: '2.0.1',
117 silly cache add   spec: '2.0.1',
117 silly cache add   type: 'version' }
118 silly addNamed sorted-object@2.0.1
119 verbose addNamed "2.0.1" is a plain semver version for sorted-object
120 silly mapToRegistry name sorted-object
121 silly mapToRegistry using default registry
122 silly mapToRegistry registry https://registry.npmjs.org/
123 silly mapToRegistry data Result {
123 silly mapToRegistry   raw: 'sorted-object',
123 silly mapToRegistry   scope: null,
123 silly mapToRegistry   escapedName: 'sorted-object',
123 silly mapToRegistry   name: 'sorted-object',
123 silly mapToRegistry   rawSpec: '',
123 silly mapToRegistry   spec: 'latest',
123 silly mapToRegistry   type: 'tag' }
124 silly mapToRegistry uri https://registry.npmjs.org/sorted-object
125 verbose addNameVersion registry:https://registry.npmjs.org/sorted-object not in flight; fetching
126 verbose get https://registry.npmjs.org/sorted-object not expired, no request
127 silly cache afterAdd sorted-object@2.0.1
128 verbose afterAdd /Users/anan/.npm/sorted-object/2.0.1/package/package.json not in flight; writing
129 verbose correctMkdir /Users/anan/.npm correctMkdir not in flight; initializing
130 verbose afterAdd /Users/anan/.npm/sorted-object/2.0.1/package/package.json written
131 http 304 https://registry.npmjs.org/ejs
132 verbose headers { date: 'Thu, 01 Jun 2017 14:37:44 GMT',
132 verbose headers   via: '1.1 varnish',
132 verbose headers   'cache-control': 'max-age=300',
132 verbose headers   etag: 'W/"5928f185-10a89"',
132 verbose headers   age: '175',
132 verbose headers   connection: 'keep-alive',
132 verbose headers   'x-served-by': 'cache-nrt6124-NRT',
132 verbose headers   'x-cache': 'HIT',
132 verbose headers   'x-cache-hits': '2',
132 verbose headers   'x-timer': 'S1496327865.787928,VS0,VE0',
132 verbose headers   vary: 'Accept-Encoding' }
133 silly get cb [ 304,
133 silly get   { date: 'Thu, 01 Jun 2017 14:37:44 GMT',
133 silly get     via: '1.1 varnish',
133 silly get     'cache-control': 'max-age=300',
133 silly get     etag: 'W/"5928f185-10a89"',
133 silly get     age: '175',
133 silly get     connection: 'keep-alive',
133 silly get     'x-served-by': 'cache-nrt6124-NRT',
133 silly get     'x-cache': 'HIT',
133 silly get     'x-cache-hits': '2',
133 silly get     'x-timer': 'S1496327865.787928,VS0,VE0',
133 silly get     vary: 'Accept-Encoding' } ]
134 verbose etag https://registry.npmjs.org/ejs from cache
135 verbose get saving ejs to /Users/anan/.npm/registry.npmjs.org/ejs/.cache.json
136 verbose correctMkdir /Users/anan/.npm correctMkdir not in flight; initializing
137 http 304 https://registry.npmjs.org/mkdirp
138 verbose headers { date: 'Thu, 01 Jun 2017 14:37:44 GMT',
138 verbose headers   via: '1.1 varnish',
138 verbose headers   'cache-control': 'max-age=300',
138 verbose headers   etag: 'W/"592e70e9-6417"',
138 verbose headers   age: '57',
138 verbose headers   connection: 'keep-alive',
138 verbose headers   'x-served-by': 'cache-nrt6131-NRT',
138 verbose headers   'x-cache': 'HIT',
138 verbose headers   'x-cache-hits': '3',
138 verbose headers   'x-timer': 'S1496327865.792885,VS0,VE0',
138 verbose headers   vary: 'Accept-Encoding' }
139 silly get cb [ 304,
139 silly get   { date: 'Thu, 01 Jun 2017 14:37:44 GMT',
139 silly get     via: '1.1 varnish',
139 silly get     'cache-control': 'max-age=300',
139 silly get     etag: 'W/"592e70e9-6417"',
139 silly get     age: '57',
139 silly get     connection: 'keep-alive',
139 silly get     'x-served-by': 'cache-nrt6131-NRT',
139 silly get     'x-cache': 'HIT',
139 silly get     'x-cache-hits': '3',
139 silly get     'x-timer': 'S1496327865.792885,VS0,VE0',
139 silly get     vary: 'Accept-Encoding' } ]
140 verbose etag https://registry.npmjs.org/mkdirp from cache
141 verbose get saving mkdirp to /Users/anan/.npm/registry.npmjs.org/mkdirp/.cache.json
142 verbose correctMkdir /Users/anan/.npm correctMkdir not in flight; initializing
143 silly resolveWithNewModule mkdirp@0.5.1 checking installable status
144 silly cache add args [ 'mkdirp@0.5.1', null ]
145 verbose cache add spec mkdirp@0.5.1
146 silly cache add parsed spec Result {
146 silly cache add   raw: 'mkdirp@0.5.1',
146 silly cache add   scope: null,
146 silly cache add   escapedName: 'mkdirp',
146 silly cache add   name: 'mkdirp',
146 silly cache add   rawSpec: '0.5.1',
146 silly cache add   spec: '0.5.1',
146 silly cache add   type: 'version' }
147 silly addNamed mkdirp@0.5.1
148 verbose addNamed "0.5.1" is a plain semver version for mkdirp
149 silly mapToRegistry name mkdirp
150 silly mapToRegistry using default registry
151 silly mapToRegistry registry https://registry.npmjs.org/
152 silly mapToRegistry data Result {
152 silly mapToRegistry   raw: 'mkdirp',
152 silly mapToRegistry   scope: null,
152 silly mapToRegistry   escapedName: 'mkdirp',
152 silly mapToRegistry   name: 'mkdirp',
152 silly mapToRegistry   rawSpec: '',
152 silly mapToRegistry   spec: 'latest',
152 silly mapToRegistry   type: 'tag' }
153 silly mapToRegistry uri https://registry.npmjs.org/mkdirp
154 verbose addNameVersion registry:https://registry.npmjs.org/mkdirp not in flight; fetching
155 silly resolveWithNewModule ejs@2.5.6 checking installable status
156 silly cache add args [ 'ejs@2.5.6', null ]
157 verbose cache add spec ejs@2.5.6
158 silly cache add parsed spec Result {
158 silly cache add   raw: 'ejs@2.5.6',
158 silly cache add   scope: null,
158 silly cache add   escapedName: 'ejs',
158 silly cache add   name: 'ejs',
158 silly cache add   rawSpec: '2.5.6',
158 silly cache add   spec: '2.5.6',
158 silly cache add   type: 'version' }
159 silly addNamed ejs@2.5.6
160 verbose addNamed "2.5.6" is a plain semver version for ejs
161 silly mapToRegistry name ejs
162 silly mapToRegistry using default registry
163 silly mapToRegistry registry https://registry.npmjs.org/
164 silly mapToRegistry data Result {
164 silly mapToRegistry   raw: 'ejs',
164 silly mapToRegistry   scope: null,
164 silly mapToRegistry   escapedName: 'ejs',
164 silly mapToRegistry   name: 'ejs',
164 silly mapToRegistry   rawSpec: '',
164 silly mapToRegistry   spec: 'latest',
164 silly mapToRegistry   type: 'tag' }
165 silly mapToRegistry uri https://registry.npmjs.org/ejs
166 verbose addNameVersion registry:https://registry.npmjs.org/ejs not in flight; fetching
167 verbose get https://registry.npmjs.org/mkdirp not expired, no request
168 verbose get https://registry.npmjs.org/ejs not expired, no request
169 silly cache afterAdd ejs@2.5.6
170 verbose afterAdd /Users/anan/.npm/ejs/2.5.6/package/package.json not in flight; writing
171 verbose correctMkdir /Users/anan/.npm correctMkdir not in flight; initializing
172 silly cache afterAdd mkdirp@0.5.1
173 verbose afterAdd /Users/anan/.npm/mkdirp/0.5.1/package/package.json not in flight; writing
174 verbose correctMkdir /Users/anan/.npm correctMkdir not in flight; initializing
175 verbose afterAdd /Users/anan/.npm/ejs/2.5.6/package/package.json written
176 verbose afterAdd /Users/anan/.npm/mkdirp/0.5.1/package/package.json written
177 http 304 https://registry.npmjs.org/commander
178 verbose headers { date: 'Thu, 01 Jun 2017 14:37:45 GMT',
178 verbose headers   via: '1.1 varnish',
178 verbose headers   'cache-control': 'max-age=300',
178 verbose headers   etag: 'W/"592eeea5-1041c"',
178 verbose headers   age: '119',
178 verbose headers   connection: 'keep-alive',
178 verbose headers   'x-served-by': 'cache-nrt6123-NRT',
178 verbose headers   'x-cache': 'HIT',
178 verbose headers   'x-cache-hits': '3',
178 verbose headers   'x-timer': 'S1496327865.381535,VS0,VE0',
178 verbose headers   vary: 'Accept-Encoding' }
179 silly get cb [ 304,
179 silly get   { date: 'Thu, 01 Jun 2017 14:37:45 GMT',
179 silly get     via: '1.1 varnish',
179 silly get     'cache-control': 'max-age=300',
179 silly get     etag: 'W/"592eeea5-1041c"',
179 silly get     age: '119',
179 silly get     connection: 'keep-alive',
179 silly get     'x-served-by': 'cache-nrt6123-NRT',
179 silly get     'x-cache': 'HIT',
179 silly get     'x-cache-hits': '3',
179 silly get     'x-timer': 'S1496327865.381535,VS0,VE0',
179 silly get     vary: 'Accept-Encoding' } ]
180 verbose etag https://registry.npmjs.org/commander from cache
181 verbose get saving commander to /Users/anan/.npm/registry.npmjs.org/commander/.cache.json
182 verbose correctMkdir /Users/anan/.npm correctMkdir not in flight; initializing
183 silly resolveWithNewModule commander@2.9.0 checking installable status
184 silly cache add args [ 'commander@2.9.0', null ]
185 verbose cache add spec commander@2.9.0
186 silly cache add parsed spec Result {
186 silly cache add   raw: 'commander@2.9.0',
186 silly cache add   scope: null,
186 silly cache add   escapedName: 'commander',
186 silly cache add   name: 'commander',
186 silly cache add   rawSpec: '2.9.0',
186 silly cache add   spec: '2.9.0',
186 silly cache add   type: 'version' }
187 silly addNamed commander@2.9.0
188 verbose addNamed "2.9.0" is a plain semver version for commander
189 silly mapToRegistry name commander
190 silly mapToRegistry using default registry
191 silly mapToRegistry registry https://registry.npmjs.org/
192 silly mapToRegistry data Result {
192 silly mapToRegistry   raw: 'commander',
192 silly mapToRegistry   scope: null,
192 silly mapToRegistry   escapedName: 'commander',
192 silly mapToRegistry   name: 'commander',
192 silly mapToRegistry   rawSpec: '',
192 silly mapToRegistry   spec: 'latest',
192 silly mapToRegistry   type: 'tag' }
193 silly mapToRegistry uri https://registry.npmjs.org/commander
194 verbose addNameVersion registry:https://registry.npmjs.org/commander not in flight; fetching
195 verbose get https://registry.npmjs.org/commander not expired, no request
196 silly cache afterAdd commander@2.9.0
197 verbose afterAdd /Users/anan/.npm/commander/2.9.0/package/package.json not in flight; writing
198 verbose correctMkdir /Users/anan/.npm correctMkdir not in flight; initializing
199 verbose afterAdd /Users/anan/.npm/commander/2.9.0/package/package.json written
200 silly fetchNamedPackageData graceful-readlink
201 silly mapToRegistry name graceful-readlink
202 silly mapToRegistry using default registry
203 silly mapToRegistry registry https://registry.npmjs.org/
204 silly mapToRegistry data Result {
204 silly mapToRegistry   raw: 'graceful-readlink',
204 silly mapToRegistry   scope: null,
204 silly mapToRegistry   escapedName: 'graceful-readlink',
204 silly mapToRegistry   name: 'graceful-readlink',
204 silly mapToRegistry   rawSpec: '',
204 silly mapToRegistry   spec: 'latest',
204 silly mapToRegistry   type: 'tag' }
205 silly mapToRegistry uri https://registry.npmjs.org/graceful-readlink
206 verbose request uri https://registry.npmjs.org/graceful-readlink
207 verbose request no auth needed
208 info attempt registry request try #1 at 10:37:44 PM
209 verbose etag W/"585ef90e-c1b"
210 verbose lastModified Sat, 24 Dec 2016 22:39:10 GMT
211 http request GET https://registry.npmjs.org/graceful-readlink
212 http 304 https://registry.npmjs.org/graceful-readlink
213 verbose headers { date: 'Thu, 01 Jun 2017 14:37:45 GMT',
213 verbose headers   via: '1.1 varnish',
213 verbose headers   'cache-control': 'max-age=300',
213 verbose headers   etag: 'W/"585ef90e-c1b"',
213 verbose headers   age: '61',
213 verbose headers   connection: 'keep-alive',
213 verbose headers   'x-served-by': 'cache-nrt6135-NRT',
213 verbose headers   'x-cache': 'HIT',
213 verbose headers   'x-cache-hits': '1',
213 verbose headers   'x-timer': 'S1496327866.581940,VS0,VE0',
213 verbose headers   vary: 'Accept-Encoding' }
214 silly get cb [ 304,
214 silly get   { date: 'Thu, 01 Jun 2017 14:37:45 GMT',
214 silly get     via: '1.1 varnish',
214 silly get     'cache-control': 'max-age=300',
214 silly get     etag: 'W/"585ef90e-c1b"',
214 silly get     age: '61',
214 silly get     connection: 'keep-alive',
214 silly get     'x-served-by': 'cache-nrt6135-NRT',
214 silly get     'x-cache': 'HIT',
214 silly get     'x-cache-hits': '1',
214 silly get     'x-timer': 'S1496327866.581940,VS0,VE0',
214 silly get     vary: 'Accept-Encoding' } ]
215 verbose etag https://registry.npmjs.org/graceful-readlink from cache
216 verbose get saving graceful-readlink to /Users/anan/.npm/registry.npmjs.org/graceful-readlink/.cache.json
217 verbose correctMkdir /Users/anan/.npm correctMkdir not in flight; initializing
218 silly resolveWithNewModule graceful-readlink@1.0.1 checking installable status
219 silly cache add args [ 'graceful-readlink@>= 1.0.0', null ]
220 verbose cache add spec graceful-readlink@>= 1.0.0
221 silly cache add parsed spec Result {
221 silly cache add   raw: 'graceful-readlink@>= 1.0.0',
221 silly cache add   scope: null,
221 silly cache add   escapedName: 'graceful-readlink',
221 silly cache add   name: 'graceful-readlink',
221 silly cache add   rawSpec: '>= 1.0.0',
221 silly cache add   spec: '>=1.0.0',
221 silly cache add   type: 'range' }
222 silly addNamed graceful-readlink@>=1.0.0
223 verbose addNamed ">=1.0.0" is a valid semver range for graceful-readlink
224 silly addNameRange { name: 'graceful-readlink', range: '>=1.0.0', hasData: false }
225 silly mapToRegistry name graceful-readlink
226 silly mapToRegistry using default registry
227 silly mapToRegistry registry https://registry.npmjs.org/
228 silly mapToRegistry data Result {
228 silly mapToRegistry   raw: 'graceful-readlink',
228 silly mapToRegistry   scope: null,
228 silly mapToRegistry   escapedName: 'graceful-readlink',
228 silly mapToRegistry   name: 'graceful-readlink',
228 silly mapToRegistry   rawSpec: '',
228 silly mapToRegistry   spec: 'latest',
228 silly mapToRegistry   type: 'tag' }
229 silly mapToRegistry uri https://registry.npmjs.org/graceful-readlink
230 verbose addNameRange registry:https://registry.npmjs.org/graceful-readlink not in flight; fetching
231 verbose get https://registry.npmjs.org/graceful-readlink not expired, no request
232 silly addNameRange number 2 { name: 'graceful-readlink', range: '>=1.0.0', hasData: true }
233 silly addNameRange versions [ 'graceful-readlink', [ '1.0.0', '1.0.1' ] ]
234 silly addNamed graceful-readlink@1.0.1
235 verbose addNamed "1.0.1" is a plain semver version for graceful-readlink
236 silly cache afterAdd graceful-readlink@1.0.1
237 verbose afterAdd /Users/anan/.npm/graceful-readlink/1.0.1/package/package.json not in flight; writing
238 verbose correctMkdir /Users/anan/.npm correctMkdir not in flight; initializing
239 verbose afterAdd /Users/anan/.npm/graceful-readlink/1.0.1/package/package.json written
240 silly fetchNamedPackageData minimist
241 silly mapToRegistry name minimist
242 silly mapToRegistry using default registry
243 silly mapToRegistry registry https://registry.npmjs.org/
244 silly mapToRegistry data Result {
244 silly mapToRegistry   raw: 'minimist',
244 silly mapToRegistry   scope: null,
244 silly mapToRegistry   escapedName: 'minimist',
244 silly mapToRegistry   name: 'minimist',
244 silly mapToRegistry   rawSpec: '',
244 silly mapToRegistry   spec: 'latest',
244 silly mapToRegistry   type: 'tag' }
245 silly mapToRegistry uri https://registry.npmjs.org/minimist
246 verbose request uri https://registry.npmjs.org/minimist
247 verbose request no auth needed
248 info attempt registry request try #1 at 10:37:44 PM
249 verbose etag W/"5929d364-75c8"
250 verbose lastModified Sat, 27 May 2017 19:28:36 GMT
251 http request GET https://registry.npmjs.org/minimist
252 http 304 https://registry.npmjs.org/minimist
253 verbose headers { date: 'Thu, 01 Jun 2017 14:37:45 GMT',
253 verbose headers   via: '1.1 varnish',
253 verbose headers   'cache-control': 'max-age=300',
253 verbose headers   etag: 'W/"5929d364-75c8"',
253 verbose headers   age: '114',
253 verbose headers   connection: 'keep-alive',
253 verbose headers   'x-served-by': 'cache-nrt6124-NRT',
253 verbose headers   'x-cache': 'HIT',
253 verbose headers   'x-cache-hits': '8',
253 verbose headers   'x-timer': 'S1496327866.722088,VS0,VE0',
253 verbose headers   vary: 'Accept-Encoding' }
254 silly get cb [ 304,
254 silly get   { date: 'Thu, 01 Jun 2017 14:37:45 GMT',
254 silly get     via: '1.1 varnish',
254 silly get     'cache-control': 'max-age=300',
254 silly get     etag: 'W/"5929d364-75c8"',
254 silly get     age: '114',
254 silly get     connection: 'keep-alive',
254 silly get     'x-served-by': 'cache-nrt6124-NRT',
254 silly get     'x-cache': 'HIT',
254 silly get     'x-cache-hits': '8',
254 silly get     'x-timer': 'S1496327866.722088,VS0,VE0',
254 silly get     vary: 'Accept-Encoding' } ]
255 verbose etag https://registry.npmjs.org/minimist from cache
256 verbose get saving minimist to /Users/anan/.npm/registry.npmjs.org/minimist/.cache.json
257 verbose correctMkdir /Users/anan/.npm correctMkdir not in flight; initializing
258 silly resolveWithNewModule minimist@0.0.8 checking installable status
259 silly cache add args [ 'minimist@0.0.8', null ]
260 verbose cache add spec minimist@0.0.8
261 silly cache add parsed spec Result {
261 silly cache add   raw: 'minimist@0.0.8',
261 silly cache add   scope: null,
261 silly cache add   escapedName: 'minimist',
261 silly cache add   name: 'minimist',
261 silly cache add   rawSpec: '0.0.8',
261 silly cache add   spec: '0.0.8',
261 silly cache add   type: 'version' }
262 silly addNamed minimist@0.0.8
263 verbose addNamed "0.0.8" is a plain semver version for minimist
264 silly mapToRegistry name minimist
265 silly mapToRegistry using default registry
266 silly mapToRegistry registry https://registry.npmjs.org/
267 silly mapToRegistry data Result {
267 silly mapToRegistry   raw: 'minimist',
267 silly mapToRegistry   scope: null,
267 silly mapToRegistry   escapedName: 'minimist',
267 silly mapToRegistry   name: 'minimist',
267 silly mapToRegistry   rawSpec: '',
267 silly mapToRegistry   spec: 'latest',
267 silly mapToRegistry   type: 'tag' }
268 silly mapToRegistry uri https://registry.npmjs.org/minimist
269 verbose addNameVersion registry:https://registry.npmjs.org/minimist not in flight; fetching
270 verbose get https://registry.npmjs.org/minimist not expired, no request
271 silly cache afterAdd minimist@0.0.8
272 verbose afterAdd /Users/anan/.npm/minimist/0.0.8/package/package.json not in flight; writing
273 verbose correctMkdir /Users/anan/.npm correctMkdir not in flight; initializing
274 verbose afterAdd /Users/anan/.npm/minimist/0.0.8/package/package.json written
275 silly loadAllDepsIntoIdealTree Finishing
276 silly loadIdealTree Finishing
277 silly currentTree lib
277 silly currentTree └─┬ express-generator@4.14.0
277 silly currentTree   ├── commander@2.9.0
277 silly currentTree   ├── graceful-readlink@1.0.1
277 silly currentTree   ├── minimist@0.0.8
277 silly currentTree   ├── mkdirp@0.5.1
277 silly currentTree   └── sorted-object@2.0.0
278 silly idealTree lib
278 silly idealTree └─┬ express-generator@4.15.0
278 silly idealTree   ├── commander@2.9.0
278 silly idealTree   ├── ejs@2.5.6
278 silly idealTree   ├── graceful-readlink@1.0.1
278 silly idealTree   ├── minimist@0.0.8
278 silly idealTree   ├── mkdirp@0.5.1
278 silly idealTree   └── sorted-object@2.0.1
279 silly generateActionsToTake Starting
280 silly install generateActionsToTake
281 warn checkPermissions Missing write access to /usr/local/lib/node_modules/express-generator/node_modules/sorted-object
282 warn checkPermissions Missing write access to /usr/local/lib/node_modules/express-generator
283 warn checkPermissions Missing write access to /usr/local/lib/node_modules/express-generator/node_modules
284 warn checkPermissions Missing write access to /usr/local/lib/node_modules
285 silly rollbackFailedOptional Starting
286 silly rollbackFailedOptional Finishing
287 silly runTopLevelLifecycles Finishing
288 silly install printInstalled
289 verbose stack Error: EACCES: permission denied, access '/usr/local/lib/node_modules/express-generator/node_modules/sorted-object'
289 verbose stack     at Error (native)
290 verbose cwd /Users/anan/GitHub/About-Vueforme/express-an
291 error Darwin 16.6.0
292 error argv "/usr/local/bin/node" "/usr/local/bin/npm" "install" "express-generator" "-g"
293 error node v6.9.2
294 error npm  v3.10.9
295 error path /usr/local/lib/node_modules/express-generator/node_modules/sorted-object
296 error code EACCES
297 error errno -13
298 error syscall access
299 error Error: EACCES: permission denied, access '/usr/local/lib/node_modules/express-generator/node_modules/sorted-object'
299 error     at Error (native)
299 error  { Error: EACCES: permission denied, access '/usr/local/lib/node_modules/express-generator/node_modules/sorted-object'
299 error     at Error (native)
299 error   errno: -13,
299 error   code: 'EACCES',
299 error   syscall: 'access',
299 error   path: '/usr/local/lib/node_modules/express-generator/node_modules/sorted-object' }
300 error Please try running this command again as root/Administrator.
301 verbose exit [ -13, true ]
